#
# A fatal error has been detected by the Java Runtime Environment:
#
#  EXCEPTION_ACCESS_VIOLATION (0xc0000005) at pc=0x000000004edaa98a, pid=3836, tid=0x0000000000003cd4
#
# JRE version: Java(TM) SE Runtime Environment (8.0_181-b13) (build 1.8.0_181-b13)
# Java VM: Java HotSpot(TM) 64-Bit Server VM (25.181-b13 mixed mode windows-amd64 compressed oops)
# Problematic frame:
# C  0x000000004edaa98a
#
# Failed to write core dump. Minidumps are not enabled by default on client versions of Windows
#
# If you would like to submit a bug report, please visit:
#   http://bugreport.java.com/bugreport/crash.jsp
#

---------------  T H R E A D  ---------------

Current thread (0x00000000034c9000):  GCTaskThread [stack: 0x0000000013120000,0x0000000013220000] [id=15572]

siginfo: ExceptionCode=0xc0000005, ExceptionInformation=0x0000000000000008 0x000000004edaa98a

Registers:
RAX=0x0000000000000010, RBX=0x00000000035a42f0, RCX=0x0000000000000008, RDX=0x0000000000000001
RSP=0x000000001321f608, RBP=0x000000001321f6f0, RSI=0x0000000000000001, RDI=0x00000000035a3550
R8 =0x000000001321f6f0, R9 =0x000000001321f708, R10=0x000000000000000c, R11=0x000000000001f278
R12=0x0000000000000000, R13=0x000000001321f708, R14=0x0000000000000000, R15=0x00000000034c9910
RIP=0x000000004edaa98a, EFLAGS=0x0000000000010206

Top of Stack: (sp=0x000000001321f608)
0x000000001321f608:   000000005708758b 00000000035a42f0
0x000000001321f618:   00000000572e88b8 00000000035a42f0
0x000000001321f628:   00013f740001f278 000000008120ead8
0x000000001321f638:   0000000000000000 0000000000000000
0x000000001321f648:   0000000056dcb2d9 0000000019170430
0x000000001321f658:   0001401900000781 0000000081173af8
0x000000001321f668:   00000000034c2ad0 00000000034c9910
0x000000001321f678:   00000000034c9900 00000000034c9900
0x000000001321f688:   00000000034c2ad0 00000000572e88b8
0x000000001321f698:   0000000000000001 0000000029fa8200
0x000000001321f6a8:   0000000057087b67 000000008121f728
0x000000001321f6b8:   00000000035a42f0 0000000000000000
0x000000001321f6c8:   00000000572e88b8 0000000000000000
0x000000001321f6d8:   0000000000000000 0000000029fa8200
0x000000001321f6e8:   0000000057084dde 000000001bcf49ee
0x000000001321f6f8:   00000000034c9000 0000000000000000 

Instructions: (pc=0x000000004edaa98a)
0x000000004edaa96a:   
[error occurred during error reporting (printing registers, top of stack, instructions near pc), id 0xc0000005]

Register to memory mapping:

RAX=0x0000000000000010 is an unknown value
RBX=0x00000000035a42f0 is an unknown value
RCX=0x0000000000000008 is an unknown value
RDX=0x0000000000000001 is an unknown value
RSP=0x000000001321f608 is an unknown value
RBP=0x000000001321f6f0 is an unknown value
RSI=0x0000000000000001 is an unknown value
RDI=0x00000000035a3550 is an unknown value
R8 =0x000000001321f6f0 is an unknown value
R9 =0x000000001321f708 is an unknown value
R10=0x000000000000000c is an unknown value
R11=0x000000000001f278 is an unknown value
R12=0x0000000000000000 is an unknown value
R13=0x000000001321f708 is an unknown value
R14=0x0000000000000000 is an unknown value
R15=0x00000000034c9910 is an unknown value


Stack: [0x0000000013120000,0x0000000013220000],  sp=0x000000001321f608,  free space=1021k
Native frames: (J=compiled Java code, j=interpreted, Vv=VM code, C=native code)
C  0x000000004edaa98a


---------------  P R O C E S S  ---------------

Java Threads: ( => current thread )
  0x000000001b821000 JavaThread "TimerQueue" daemon [_thread_blocked, id=12636, stack(0x0000000026700000,0x0000000026800000)]
  0x000000001b822000 JavaThread "D3D Screen Updater" daemon [_thread_blocked, id=16304, stack(0x00000000256c0000,0x00000000257c0000)]
  0x000000001b71b000 JavaThread "AWT-EventQueue-0" [_thread_blocked, id=15668, stack(0x0000000025150000,0x0000000025250000)]
  0x000000001b4f3000 JavaThread "AWT-Windows" daemon [_thread_in_native, id=15660, stack(0x000000001be10000,0x000000001bf10000)]
  0x000000001b4f1000 JavaThread "AWT-Shutdown" [_thread_blocked, id=15780, stack(0x000000001bd10000,0x000000001be10000)]
  0x000000001b4f0000 JavaThread "Java2D Disposer" daemon [_thread_blocked, id=15856, stack(0x000000001bc10000,0x000000001bd10000)]
  0x000000001a5a5800 JavaThread "Service Thread" daemon [_thread_blocked, id=15500, stack(0x000000001b0b0000,0x000000001b1b0000)]
  0x000000001a522800 JavaThread "C1 CompilerThread3" daemon [_thread_blocked, id=12412, stack(0x000000001afb0000,0x000000001b0b0000)]
  0x000000001a51a000 JavaThread "C2 CompilerThread2" daemon [_thread_blocked, id=880, stack(0x000000001aeb0000,0x000000001afb0000)]
  0x000000001a519800 JavaThread "C2 CompilerThread1" daemon [_thread_blocked, id=15712, stack(0x000000001adb0000,0x000000001aeb0000)]
  0x000000001a516800 JavaThread "C2 CompilerThread0" daemon [_thread_blocked, id=900, stack(0x000000001acb0000,0x000000001adb0000)]
  0x000000001a515000 JavaThread "Attach Listener" daemon [_thread_blocked, id=15472, stack(0x000000001abb0000,0x000000001acb0000)]
  0x000000001a514800 JavaThread "Signal Dispatcher" daemon [_thread_blocked, id=9684, stack(0x000000001aab0000,0x000000001abb0000)]
  0x000000001a4b0800 JavaThread "Finalizer" daemon [_thread_blocked, id=5776, stack(0x000000001a890000,0x000000001a990000)]
  0x00000000035a9000 JavaThread "Reference Handler" daemon [_thread_blocked, id=3884, stack(0x000000001a390000,0x000000001a490000)]
  0x000000000315e000 JavaThread "main" [_thread_blocked, id=16136, stack(0x0000000003000000,0x0000000003100000)]

Other Threads:
  0x00000000185a9800 VMThread [stack: 0x000000001a290000,0x000000001a390000] [id=15152]
  0x000000001a5d9000 WatcherThread [stack: 0x000000001b1b0000,0x000000001b2b0000] [id=13532]

=>0x00000000034c9000 (exited) GCTaskThread [stack: 0x0000000013120000,0x0000000013220000] [id=15572]

VM state:at safepoint (normal execution)

VM Mutex/Monitor currently owned by a thread:  ([mutex/lock_event])
[0x000000000315d510] Threads_lock - owner thread: 0x00000000185a9800
[0x000000000315cb10] Heap_lock - owner thread: 0x000000000315e000

Heap:
 PSYoungGen      total 61440K, used 256K [0x00000000d5980000, 0x00000000da900000, 0x0000000100000000)
  eden space 60928K, 0% used [0x00000000d5980000,0x00000000d5980000,0x00000000d9500000)
  from space 512K, 50% used [0x00000000da880000,0x00000000da8c0000,0x00000000da900000)
  to   space 512K, 0% used [0x00000000da800000,0x00000000da800000,0x00000000da880000)
 ParOldGen       total 132608K, used 128161K [0x0000000080c00000, 0x0000000088d80000, 0x00000000d5980000)
  object space 132608K, 96% used [0x0000000080c00000,0x0000000088928538,0x0000000088d80000)
 Metaspace       used 13418K, capacity 13688K, committed 14080K, reserved 1060864K
  class space    used 1584K, capacity 1677K, committed 1792K, reserved 1048576K

Card table byte_map: [0x0000000012970000,0x0000000012d70000] byte_map_base: 0x000000001256a000

Marking Bits: (ParMarkBitMap*) 0x00000000574b2d00
 Begin Bits: [0x0000000013820000, 0x00000000157f0000)
 End Bits:   [0x00000000157f0000, 0x00000000177c0000)

Polling page: 0x00000000012c0000

CodeCache: size=245760Kb used=7831Kb max_used=8423Kb free=237928Kb
 bounds [0x00000000035b0000, 0x0000000003e50000, 0x00000000125b0000]
 total_blobs=2711 nmethods=2194 adapters=430
 compilation: enabled

Compilation events (10 events):
Event: 1581.681 Thread 0x000000001a522800 2657 %     3       Game::<init> @ 519 (590 bytes)
Event: 1581.683 Thread 0x000000001a522800 nmethod 2657% 0x0000000003b395d0 code [0x0000000003b39cc0, 0x0000000003b40c78]
Event: 1608.135 Thread 0x000000001a522800 2658       3       Game::<init> (590 bytes)
Event: 1608.137 Thread 0x000000001a522800 nmethod 2658 0x0000000003b30190 code [0x0000000003b30860, 0x0000000003b37758]
Event: 2613.770 Thread 0x000000001a522800 2659   !   3       sun.awt.PostEventQueue::flush (168 bytes)
Event: 2613.771 Thread 0x000000001a522800 nmethod 2659 0x0000000003a0ee10 code [0x0000000003a0f060, 0x0000000003a10188]
Event: 2619.874 Thread 0x000000001a519800 2660   !   4       sun.awt.PostEventQueue::flush (168 bytes)
Event: 2620.012 Thread 0x000000001a519800 nmethod 2660 0x0000000003e35f10 code [0x0000000003e36480, 0x0000000003e3bf88]
Event: 2649.177 Thread 0x000000001a51a000 2661 %     4       Game::<init> @ 519 (590 bytes)
Event: 2649.180 Thread 0x000000001a51a000 nmethod 2661% 0x0000000003899110 code [0x0000000003899280, 0x0000000003899468]

GC Heap History (10 events):
Event: 3467.293 GC heap after
Heap after GC invocations=21342 (full 162):
 PSYoungGen      total 53760K, used 256K [0x00000000d5980000, 0x00000000da900000, 0x0000000100000000)
  eden space 53248K, 0% used [0x00000000d5980000,0x00000000d5980000,0x00000000d8d80000)
  from space 512K, 50% used [0x00000000da880000,0x00000000da8c0000,0x00000000da900000)
  to   space 512K, 0% used [0x00000000da800000,0x00000000da800000,0x00000000da880000)
 ParOldGen       total 132608K, used 117610K [0x0000000080c00000, 0x0000000088d80000, 0x00000000d5980000)
  object space 132608K, 88% used [0x0000000080c00000,0x0000000087eda938,0x0000000088d80000)
 Metaspace       used 13418K, capacity 13688K, committed 14080K, reserved 1060864K
  class space    used 1584K, capacity 1677K, committed 1792K, reserved 1048576K
}
Event: 3467.444 GC heap before
{Heap before GC invocations=21343 (full 162):
 PSYoungGen      total 53760K, used 53504K [0x00000000d5980000, 0x00000000da900000, 0x0000000100000000)
  eden space 53248K, 100% used [0x00000000d5980000,0x00000000d8d80000,0x00000000d8d80000)
  from space 512K, 50% used [0x00000000da880000,0x00000000da8c0000,0x00000000da900000)
  to   space 512K, 0% used [0x00000000da800000,0x00000000da800000,0x00000000da880000)
 ParOldGen       total 132608K, used 117610K [0x0000000080c00000, 0x0000000088d80000, 0x00000000d5980000)
  object space 132608K, 88% used [0x0000000080c00000,0x0000000087eda938,0x0000000088d80000)
 Metaspace       used 13418K, capacity 13688K, committed 14080K, reserved 1060864K
  class space    used 1584K, capacity 1677K, committed 1792K, reserved 1048576K
Event: 3467.445 GC heap after
Heap after GC invocations=21343 (full 162):
 PSYoungGen      total 53248K, used 256K [0x00000000d5980000, 0x00000000da900000, 0x0000000100000000)
  eden space 52736K, 0% used [0x00000000d5980000,0x00000000d5980000,0x00000000d8d00000)
  from space 512K, 50% used [0x00000000da800000,0x00000000da840000,0x00000000da880000)
  to   space 512K, 0% used [0x00000000da880000,0x00000000da880000,0x00000000da900000)
 ParOldGen       total 132608K, used 117618K [0x0000000080c00000, 0x0000000088d80000, 0x00000000d5980000)
  object space 132608K, 88% used [0x0000000080c00000,0x0000000087edc938,0x0000000088d80000)
 Metaspace       used 13418K, capacity 13688K, committed 14080K, reserved 1060864K
  class space    used 1584K, capacity 1677K, committed 1792K, reserved 1048576K
}
Event: 3467.596 GC heap before
{Heap before GC invocations=21344 (full 162):
 PSYoungGen      total 53248K, used 52992K [0x00000000d5980000, 0x00000000da900000, 0x0000000100000000)
  eden space 52736K, 100% used [0x00000000d5980000,0x00000000d8d00000,0x00000000d8d00000)
  from space 512K, 50% used [0x00000000da800000,0x00000000da840000,0x00000000da880000)
  to   space 512K, 0% used [0x00000000da880000,0x00000000da880000,0x00000000da900000)
 ParOldGen       total 132608K, used 117618K [0x0000000080c00000, 0x0000000088d80000, 0x00000000d5980000)
  object space 132608K, 88% used [0x0000000080c00000,0x0000000087edc938,0x0000000088d80000)
 Metaspace       used 13418K, capacity 13688K, committed 14080K, reserved 1060864K
  class space    used 1584K, capacity 1677K, committed 1792K, reserved 1048576K
Event: 3467.596 GC heap after
Heap after GC invocations=21344 (full 162):
 PSYoungGen      total 52736K, used 494K [0x00000000d5980000, 0x00000000da900000, 0x0000000100000000)
  eden space 52224K, 0% used [0x00000000d5980000,0x00000000d5980000,0x00000000d8c80000)
  from space 512K, 96% used [0x00000000da880000,0x00000000da8fbb40,0x00000000da900000)
  to   space 512K, 0% used [0x00000000da800000,0x00000000da800000,0x00000000da880000)
 ParOldGen       total 132608K, used 117761K [0x0000000080c00000, 0x0000000088d80000, 0x00000000d5980000)
  object space 132608K, 88% used [0x0000000080c00000,0x0000000087f006d8,0x0000000088d80000)
 Metaspace       used 13418K, capacity 13688K, committed 14080K, reserved 1060864K
  class space    used 1584K, capacity 1677K, committed 1792K, reserved 1048576K
}
Event: 3467.743 GC heap before
{Heap before GC invocations=21345 (full 162):
 PSYoungGen      total 52736K, used 52718K [0x00000000d5980000, 0x00000000da900000, 0x0000000100000000)
  eden space 52224K, 100% used [0x00000000d5980000,0x00000000d8c80000,0x00000000d8c80000)
  from space 512K, 96% used [0x00000000da880000,0x00000000da8fbb40,0x00000000da900000)
  to   space 512K, 0% used [0x00000000da800000,0x00000000da800000,0x00000000da880000)
 ParOldGen       total 132608K, used 117761K [0x0000000080c00000, 0x0000000088d80000, 0x00000000d5980000)
  object space 132608K, 88% used [0x0000000080c00000,0x0000000087f006d8,0x0000000088d80000)
 Metaspace       used 13418K, capacity 13688K, committed 14080K, reserved 1060864K
  class space    used 1584K, capacity 1677K, committed 1792K, reserved 1048576K
Event: 3467.744 GC heap after
Heap after GC invocations=21345 (full 162):
 PSYoungGen      total 52224K, used 493K [0x00000000d5980000, 0x00000000da900000, 0x0000000100000000)
  eden space 51712K, 0% used [0x00000000d5980000,0x00000000d5980000,0x00000000d8c00000)
  from space 512K, 96% used [0x00000000da800000,0x00000000da87b560,0x00000000da880000)
  to   space 512K, 0% used [0x00000000da880000,0x00000000da880000,0x00000000da900000)
 ParOldGen       total 132608K, used 118604K [0x0000000080c00000, 0x0000000088d80000, 0x00000000d5980000)
  object space 132608K, 89% used [0x0000000080c00000,0x0000000087fd3348,0x0000000088d80000)
 Metaspace       used 13418K, capacity 13688K, committed 14080K, reserved 1060864K
  class space    used 1584K, capacity 1677K, committed 1792K, reserved 1048576K
}
Event: 3467.890 GC heap before
{Heap before GC invocations=21346 (full 162):
 PSYoungGen      total 52224K, used 52205K [0x00000000d5980000, 0x00000000da900000, 0x0000000100000000)
  eden space 51712K, 100% used [0x00000000d5980000,0x00000000d8c00000,0x00000000d8c00000)
  from space 512K, 96% used [0x00000000da800000,0x00000000da87b560,0x00000000da880000)
  to   space 512K, 0% used [0x00000000da880000,0x00000000da880000,0x00000000da900000)
 ParOldGen       total 132608K, used 118604K [0x0000000080c00000, 0x0000000088d80000, 0x00000000d5980000)
  object space 132608K, 89% used [0x0000000080c00000,0x0000000087fd3348,0x0000000088d80000)
 Metaspace       used 13418K, capacity 13688K, committed 14080K, reserved 1060864K
  class space    used 1584K, capacity 1677K, committed 1792K, reserved 1048576K
Event: 3467.893 GC heap after
Heap after GC invocations=21346 (full 162):
 PSYoungGen      total 61440K, used 256K [0x00000000d5980000, 0x00000000da900000, 0x0000000100000000)
  eden space 60928K, 0% used [0x00000000d5980000,0x00000000d5980000,0x00000000d9500000)
  from space 512K, 50% used [0x00000000da880000,0x00000000da8c0000,0x00000000da900000)
  to   space 512K, 0% used [0x00000000da800000,0x00000000da800000,0x00000000da880000)
 ParOldGen       total 132608K, used 128161K [0x0000000080c00000, 0x0000000088d80000, 0x00000000d5980000)
  object space 132608K, 96% used [0x0000000080c00000,0x0000000088928538,0x0000000088d80000)
 Metaspace       used 13418K, capacity 13688K, committed 14080K, reserved 1060864K
  class space    used 1584K, capacity 1677K, committed 1792K, reserved 1048576K
}
Event: 3467.893 GC heap before
{Heap before GC invocations=21347 (full 163):
 PSYoungGen      total 61440K, used 256K [0x00000000d5980000, 0x00000000da900000, 0x0000000100000000)
  eden space 60928K, 0% used [0x00000000d5980000,0x00000000d5980000,0x00000000d9500000)
  from space 512K, 50% used [0x00000000da880000,0x00000000da8c0000,0x00000000da900000)
  to   space 512K, 0% used [0x00000000da800000,0x00000000da800000,0x00000000da880000)
 ParOldGen       total 132608K, used 128161K [0x0000000080c00000, 0x0000000088d80000, 0x00000000d5980000)
  object space 132608K, 96% used [0x0000000080c00000,0x0000000088928538,0x0000000088d80000)
 Metaspace       used 13418K, capacity 13688K, committed 14080K, reserved 1060864K
  class space    used 1584K, capacity 1677K, committed 1792K, reserved 1048576K

Deoptimization events (10 events):
Event: 5.353 Thread 0x000000000315e000 Uncommon trap: reason=unstable_if action=reinterpret pc=0x0000000003c80ac0 method=java.util.concurrent.locks.ReentrantLock$Sync.nonfairTryAcquire(I)Z @ 19
Event: 11.337 Thread 0x000000000315e000 Uncommon trap: reason=range_check action=make_not_entrant pc=0x0000000003de7e04 method=java.awt.image.BufferedImage.<init>(Ljava/awt/image/ColorModel;Ljava/awt/image/WritableRaster;ZLjava/util/Hashtable;)V @ 1004
Event: 20.502 Thread 0x000000001b71b000 Uncommon trap: reason=unstable_if action=reinterpret pc=0x0000000003df0a38 method=java.util.concurrent.locks.AbstractQueuedSynchronizer.isOnSyncQueue(Ljava/util/concurrent/locks/AbstractQueuedSynchronizer$Node;)Z @ 13
Event: 68.894 Thread 0x000000001a4b0800 Uncommon trap: reason=class_check action=maybe_recompile pc=0x000000000399ee88 method=java.lang.System$2.invokeFinalize(Ljava/lang/Object;)V @ 1
Event: 668.487 Thread 0x000000000315e000 Uncommon trap: reason=class_check action=maybe_recompile pc=0x0000000003d4f8a8 method=java.util.Hashtable.put(Ljava/lang/Object;Ljava/lang/Object;)Ljava/lang/Object; @ 60
Event: 668.490 Thread 0x000000001b4f0000 Uncommon trap: reason=unstable_if action=reinterpret pc=0x00000000039895e8 method=java.util.Hashtable.remove(Ljava/lang/Object;)Ljava/lang/Object; @ 51
Event: 879.783 Thread 0x000000000315e000 Uncommon trap: reason=class_check action=maybe_recompile pc=0x0000000003d4f8a8 method=java.util.Hashtable.put(Ljava/lang/Object;Ljava/lang/Object;)Ljava/lang/Object; @ 60
Event: 1529.518 Thread 0x000000000315e000 Uncommon trap: reason=unstable_if action=reinterpret pc=0x0000000003db4158 method=java.util.concurrent.atomic.AtomicBoolean.getAndSet(Z)Z @ 11
Event: 1906.152 Thread 0x000000000315e000 Uncommon trap: reason=class_check action=maybe_recompile pc=0x0000000003d4f8a8 method=java.util.Hashtable.put(Ljava/lang/Object;Ljava/lang/Object;)Ljava/lang/Object; @ 60
Event: 2613.699 Thread 0x000000001b71b000 Uncommon trap: reason=unstable_if action=reinterpret pc=0x0000000003d40a3c method=java.util.concurrent.locks.ReentrantLock$Sync.nonfairTryAcquire(I)Z @ 19

Classes redefined (0 events):
No events

Internal exceptions (10 events):
Event: 0.127 Thread 0x000000000315e000 Exception <a 'java/security/PrivilegedActionException'> (0x00000000d5aa0f60) thrown at [C:\re\workspace\8-2-build-windows-amd64-cygwin\jdk8u181\11358\hotspot\src\share\vm\prims\jvm.cpp, line 1435]
Event: 0.127 Thread 0x000000000315e000 Exception <a 'java/security/PrivilegedActionException'> (0x00000000d5aa1358) thrown at [C:\re\workspace\8-2-build-windows-amd64-cygwin\jdk8u181\11358\hotspot\src\share\vm\prims\jvm.cpp, line 1435]
Event: 0.127 Thread 0x000000000315e000 Exception <a 'java/security/PrivilegedActionException'> (0x00000000d5aa51b0) thrown at [C:\re\workspace\8-2-build-windows-amd64-cygwin\jdk8u181\11358\hotspot\src\share\vm\prims\jvm.cpp, line 1435]
Event: 0.127 Thread 0x000000000315e000 Exception <a 'java/security/PrivilegedActionException'> (0x00000000d5aa55a8) thrown at [C:\re\workspace\8-2-build-windows-amd64-cygwin\jdk8u181\11358\hotspot\src\share\vm\prims\jvm.cpp, line 1435]
Event: 0.129 Thread 0x000000000315e000 Exception <a 'java/io/FileNotFoundException'> (0x00000000d5aa7098) thrown at [C:\re\workspace\8-2-build-windows-amd64-cygwin\jdk8u181\11358\hotspot\src\share\vm\prims\jni.cpp, line 709]
Event: 0.160 Thread 0x000000000315e000 Exception <a 'java/lang/NoSuchFieldError': method resolution failed> (0x00000000d6043030) thrown at [C:\re\workspace\8-2-build-windows-amd64-cygwin\jdk8u181\11358\hotspot\src\share\vm\prims\methodHandles.cpp, line 1167]
Event: 0.162 Thread 0x000000000315e000 Exception <a 'java/lang/NoSuchFieldError': method resolution failed> (0x00000000d6050aa8) thrown at [C:\re\workspace\8-2-build-windows-amd64-cygwin\jdk8u181\11358\hotspot\src\share\vm\prims\methodHandles.cpp, line 1167]
Event: 0.278 Thread 0x000000000315e000 Exception <a 'java/io/FileNotFoundException'> (0x00000000d74c4f28) thrown at [C:\re\workspace\8-2-build-windows-amd64-cygwin\jdk8u181\11358\hotspot\src\share\vm\prims\jni.cpp, line 709]
Event: 0.423 Thread 0x000000000315e000 Exception <a 'java/io/FileNotFoundException'> (0x00000000d75dd290) thrown at [C:\re\workspace\8-2-build-windows-amd64-cygwin\jdk8u181\11358\hotspot\src\share\vm\prims\jni.cpp, line 709]
Event: 0.423 Thread 0x000000000315e000 Exception <a 'java/lang/NullPointerException'> (0x00000000d75dda68) thrown at [C:\re\workspace\8-2-build-windows-amd64-cygwin\jdk8u181\11358\hotspot\src\share\vm\interpreter\linkResolver.cpp, line 1185]

Events (10 events):
Event: 3467.138 Executing VM operation: ParallelGCFailedAllocation done
Event: 3467.292 Executing VM operation: ParallelGCFailedAllocation
Event: 3467.293 Executing VM operation: ParallelGCFailedAllocation done
Event: 3467.444 Executing VM operation: ParallelGCFailedAllocation
Event: 3467.445 Executing VM operation: ParallelGCFailedAllocation done
Event: 3467.595 Executing VM operation: ParallelGCFailedAllocation
Event: 3467.596 Executing VM operation: ParallelGCFailedAllocation done
Event: 3467.743 Executing VM operation: ParallelGCFailedAllocation
Event: 3467.744 Executing VM operation: ParallelGCFailedAllocation done
Event: 3467.890 Executing VM operation: ParallelGCFailedAllocation


Dynamic libraries:
0x00007ff6a3a20000 - 0x00007ff6a3a57000 	C:\Program Files\Java\jre1.8.0_181\bin\javaw.exe
0x00007ffe56aa0000 - 0x00007ffe56c81000 	C:\WINDOWS\SYSTEM32\ntdll.dll
0x00007ffe564f0000 - 0x00007ffe565a1000 	C:\WINDOWS\System32\KERNEL32.DLL
0x00007ffe53780000 - 0x00007ffe539f3000 	C:\WINDOWS\System32\KERNELBASE.dll
0x00007ffe54bd0000 - 0x00007ffe54c71000 	C:\WINDOWS\System32\ADVAPI32.dll
0x00007ffe54a90000 - 0x00007ffe54b2e000 	C:\WINDOWS\System32\msvcrt.dll
0x00007ffe54e90000 - 0x00007ffe54eeb000 	C:\WINDOWS\System32\sechost.dll
0x00007ffe54030000 - 0x00007ffe54154000 	C:\WINDOWS\System32\RPCRT4.dll
0x00007ffe568e0000 - 0x00007ffe56a70000 	C:\WINDOWS\System32\USER32.dll
0x00007ffe53a00000 - 0x00007ffe53a20000 	C:\WINDOWS\System32\win32u.dll
0x00007ffe56390000 - 0x00007ffe563b8000 	C:\WINDOWS\System32\GDI32.dll
0x00007ffe53d10000 - 0x00007ffe53ea2000 	C:\WINDOWS\System32\gdi32full.dll
0x00007ffe536e0000 - 0x00007ffe5377f000 	C:\WINDOWS\System32\msvcp_win.dll
0x00007ffe52ed0000 - 0x00007ffe52fc8000 	C:\WINDOWS\System32\ucrtbase.dll
0x00007ffe4d5e0000 - 0x00007ffe4d849000 	C:\WINDOWS\WinSxS\amd64_microsoft.windows.common-controls_6595b64144ccf1df_6.0.17134.765_none_fb42a1a930655896\COMCTL32.dll
0x00007ffe565b0000 - 0x00007ffe568d2000 	C:\WINDOWS\System32\combase.dll
0x00007ffe53eb0000 - 0x00007ffe53f2a000 	C:\WINDOWS\System32\bcryptPrimitives.dll
0x00007ffe54430000 - 0x00007ffe5445d000 	C:\WINDOWS\System32\IMM32.DLL
0x0000000056ac0000 - 0x0000000056b92000 	C:\Program Files\Java\jre1.8.0_181\bin\msvcr100.dll
0x0000000056c90000 - 0x0000000057532000 	C:\Program Files\Java\jre1.8.0_181\bin\server\jvm.dll
0x00007ffe53f30000 - 0x00007ffe53f38000 	C:\WINDOWS\System32\PSAPI.DLL
0x00007ffe448d0000 - 0x00007ffe448d9000 	C:\WINDOWS\SYSTEM32\WSOCK32.dll
0x00007ffe54a20000 - 0x00007ffe54a8c000 	C:\WINDOWS\System32\WS2_32.dll
0x00007ffe4f2b0000 - 0x00007ffe4f2ba000 	C:\WINDOWS\SYSTEM32\VERSION.dll
0x00007ffe4fc60000 - 0x00007ffe4fc83000 	C:\WINDOWS\SYSTEM32\WINMM.dll
0x00007ffe4fc30000 - 0x00007ffe4fc5a000 	C:\WINDOWS\SYSTEM32\winmmbase.dll
0x00007ffe53cc0000 - 0x00007ffe53d09000 	C:\WINDOWS\System32\cfgmgr32.dll
0x0000000056c80000 - 0x0000000056c8f000 	C:\Program Files\Java\jre1.8.0_181\bin\verify.dll
0x0000000056c50000 - 0x0000000056c79000 	C:\Program Files\Java\jre1.8.0_181\bin\java.dll
0x0000000056c30000 - 0x0000000056c46000 	C:\Program Files\Java\jre1.8.0_181\bin\zip.dll
0x00007ffe54f50000 - 0x00007ffe56390000 	C:\WINDOWS\System32\SHELL32.dll
0x00007ffe54160000 - 0x00007ffe54209000 	C:\WINDOWS\System32\shcore.dll
0x00007ffe52fd0000 - 0x00007ffe536dd000 	C:\WINDOWS\System32\windows.storage.dll
0x00007ffe56490000 - 0x00007ffe564e1000 	C:\WINDOWS\System32\shlwapi.dll
0x00007ffe52de0000 - 0x00007ffe52df1000 	C:\WINDOWS\System32\kernel.appcore.dll
0x00007ffe52dc0000 - 0x00007ffe52ddf000 	C:\WINDOWS\System32\profapi.dll
0x00007ffe52e20000 - 0x00007ffe52e6c000 	C:\WINDOWS\System32\powrprof.dll
0x00007ffe52db0000 - 0x00007ffe52dba000 	C:\WINDOWS\System32\FLTLIB.DLL
0x0000000056920000 - 0x0000000056ab9000 	C:\Program Files\Java\jre1.8.0_181\bin\awt.dll
0x00007ffe563c0000 - 0x00007ffe56482000 	C:\WINDOWS\System32\OLEAUT32.dll
0x00007ffe51210000 - 0x00007ffe5129b000 	C:\WINDOWS\SYSTEM32\apphelp.dll
0x00007ffe51550000 - 0x00007ffe51579000 	C:\WINDOWS\system32\DWMAPI.DLL
0x00007ffe513d0000 - 0x00007ffe51468000 	C:\WINDOWS\system32\uxtheme.dll
0x00007ffe2d680000 - 0x00007ffe2d7a0000 	C:\WINDOWS\system32\opengl32.dll
0x00007ffe4a230000 - 0x00007ffe4a25c000 	C:\WINDOWS\SYSTEM32\GLU32.dll
0x00007ffe54d10000 - 0x00007ffe54e83000 	C:\WINDOWS\System32\MSCTF.dll
0x00007ffe54460000 - 0x00007ffe545b1000 	C:\WINDOWS\System32\ole32.dll
0x00007ffe1c160000 - 0x00007ffe1c2f7000 	C:\WINDOWS\system32\d3d9.dll
0x00007ffe4d490000 - 0x00007ffe4d57a000 	C:\WINDOWS\System32\DriverStore\FileRepository\nv_ref_pubwu.inf_amd64_2e7fa54192fe16d0\nvldumdx.dll
0x00007ffe53ad0000 - 0x00007ffe53cb2000 	C:\WINDOWS\System32\crypt32.dll
0x00007ffe52e00000 - 0x00007ffe52e12000 	C:\WINDOWS\System32\MSASN1.dll
0x00007ffe527e0000 - 0x00007ffe527f7000 	C:\WINDOWS\SYSTEM32\CRYPTSP.dll
0x00007ffe52210000 - 0x00007ffe52243000 	C:\WINDOWS\system32\rsaenh.dll
0x00007ffe52910000 - 0x00007ffe52935000 	C:\WINDOWS\SYSTEM32\bcrypt.dll
0x00007ffe52800000 - 0x00007ffe5280b000 	C:\WINDOWS\SYSTEM32\CRYPTBASE.dll
0x00007ffdff5b0000 - 0x00007ffe00786000 	C:\WINDOWS\System32\DriverStore\FileRepository\nv_ref_pubwu.inf_amd64_2e7fa54192fe16d0\nvd3dumx.dll
0x00007ffe498c0000 - 0x00007ffe499ab000 	C:\Program Files (x86)\NVIDIA Corporation\3D Vision\nvSCPAPI64.dll
0x00007ffe545c0000 - 0x00007ffe54a0b000 	C:\WINDOWS\System32\SETUPAPI.dll
0x00000000568d0000 - 0x0000000056917000 	C:\Program Files\Java\jre1.8.0_181\bin\fontmanager.dll
0x0000000056c10000 - 0x0000000056c2a000 	C:\Program Files\Java\jre1.8.0_181\bin\net.dll
0x00007ffe52630000 - 0x00007ffe52696000 	C:\WINDOWS\system32\mswsock.dll
0x0000000056bf0000 - 0x0000000056c01000 	C:\Program Files\Java\jre1.8.0_181\bin\nio.dll
0x0000000056880000 - 0x00000000568c2000 	C:\Program Files\Java\jre1.8.0_181\bin\t2k.dll
0x00007ffe54b30000 - 0x00007ffe54bd0000 	C:\WINDOWS\System32\clbcatq.dll
0x00007ffe4d850000 - 0x00007ffe4d9fe000 	C:\WINDOWS\SYSTEM32\WindowsCodecs.dll
0x00007ffe475d0000 - 0x00007ffe47628000 	C:\WINDOWS\system32\dataexchange.dll
0x00007ffe501b0000 - 0x00007ffe504bb000 	C:\WINDOWS\system32\d3d11.dll
0x00007ffe504c0000 - 0x00007ffe5065c000 	C:\WINDOWS\system32\dcomp.dll
0x00007ffe51b70000 - 0x00007ffe51c2b000 	C:\WINDOWS\system32\dxgi.dll
0x00007ffe51660000 - 0x00007ffe51818000 	C:\WINDOWS\system32\twinapi.appcore.dll
0x00007ffe51630000 - 0x00007ffe51659000 	C:\WINDOWS\system32\RMCLIENT.dll
0x00007ffe4ea80000 - 0x00007ffe4eb16000 	C:\WINDOWS\System32\TextInputFramework.dll
0x00007ffe50fc0000 - 0x00007ffe5109a000 	C:\WINDOWS\System32\CoreMessaging.dll
0x00007ffe4d110000 - 0x00007ffe4d42e000 	C:\WINDOWS\System32\CoreUIComponents.dll
0x00007ffe51fb0000 - 0x00007ffe51fe1000 	C:\WINDOWS\SYSTEM32\ntmarta.dll
0x00007ffe4e4f0000 - 0x00007ffe4e63d000 	C:\WINDOWS\SYSTEM32\wintypes.dll
0x0000000056840000 - 0x0000000056871000 	C:\Program Files\Java\jre1.8.0_181\bin\jpeg.dll
0x00007ffe3e0c0000 - 0x00007ffe3e289000 	C:\WINDOWS\SYSTEM32\dbghelp.dll

VM Arguments:
jvm_args: -Dfile.encoding=MS949 
java_command: Driver
java_class_path (initial): C:\Program Files\Java\jre1.8.0_181\lib\resources.jar;C:\Program Files\Java\jre1.8.0_181\lib\rt.jar;C:\Program Files\Java\jre1.8.0_181\lib\jsse.jar;C:\Program Files\Java\jre1.8.0_181\lib\jce.jar;C:\Program Files\Java\jre1.8.0_181\lib\charsets.jar;C:\Program Files\Java\jre1.8.0_181\lib\jfr.jar;C:\Program Files\Java\jre1.8.0_181\lib\ext\access-bridge-64.jar;C:\Program Files\Java\jre1.8.0_181\lib\ext\cldrdata.jar;C:\Program Files\Java\jre1.8.0_181\lib\ext\dnsns.jar;C:\Program Files\Java\jre1.8.0_181\lib\ext\jaccess.jar;C:\Program Files\Java\jre1.8.0_181\lib\ext\jfxrt.jar;C:\Program Files\Java\jre1.8.0_181\lib\ext\localedata.jar;C:\Program Files\Java\jre1.8.0_181\lib\ext\nashorn.jar;C:\Program Files\Java\jre1.8.0_181\lib\ext\sunec.jar;C:\Program Files\Java\jre1.8.0_181\lib\ext\sunjce_provider.jar;C:\Program Files\Java\jre1.8.0_181\lib\ext\sunmscapi.jar;C:\Program Files\Java\jre1.8.0_181\lib\ext\sunpkcs11.jar;C:\Program Files\Java\jre1.8.0_181\lib\ext\zipfs.jar;C:\Users\Hamin\eclipse-workspace\PokerWithPictures\bin
Launcher Type: SUN_STANDARD

Environment Variables:
PATH=C:/Program Files/Java/jre1.8.0_181/bin/server;C:/Program Files/Java/jre1.8.0_181/bin;C:/Program Files/Java/jre1.8.0_181/lib/amd64;C:\Program Files (x86)\Common Files\Oracle\Java\javapath;C:\WINDOWS\system32;C:\WINDOWS;C:\WINDOWS\System32\Wbem;C:\WINDOWS\System32\WindowsPowerShell\v1.0\;C:\WINDOWS\System32\OpenSSH\;C:\Users\Hamin\AppData\Local\Microsoft\WindowsApps;;C:\Users\Hamin\Desktop;
USERNAME=Hamin
OS=Windows_NT
PROCESSOR_IDENTIFIER=AMD64 Family 23 Model 1 Stepping 1, AuthenticAMD



---------------  S Y S T E M  ---------------

OS: Windows 10.0 , 64 bit Build 17134 (10.0.17134.753)

CPU:total 8 (initial active 8) (8 cores per cpu, 1 threads per core) family 23 model 1 stepping 1, cmov, cx8, fxsr, mmx, sse, sse2, sse3, ssse3, sse4.1, sse4.2, popcnt, avx, avx2, aes, clmul, mmxext, 3dnowpref, lzcnt, sse4a, tsc, tscinvbit, tscinv, bmi1

Memory: 4k page, physical 8338800k(3366316k free), swap 21274832k(3946832k free)

vm_info: Java HotSpot(TM) 64-Bit Server VM (25.181-b13) for windows-amd64 JRE (1.8.0_181-b13), built on Jul  7 2018 04:01:33 by "java_re" with MS VC++ 10.0 (VS2010)

time: Thu May 23 22:56:06 2019
elapsed time: 3467 seconds (0d 0h 57m 47s)

